<?xml version="1.0" encoding="UTF-8"?>
<!-- Generated by org.testng.reporters.JUnitXMLReporter -->
<testsuite ignored="0" hostname="DESKTOP-MCF4SQC" failures="0" tests="1" name="FirFoxTesting" time="0.005" errors="0" timestamp="15 May 2023 01:55:51 GMT">
  <testcase classname="com.testNGChallanges.CrossBrowserTesting" name="@BeforeMethod initialization" time="0.0">
    <failure type="org.testng.TestNGException" message="
Parameter &amp;apos;browsers&amp;apos; is required by BeforeMethod on method initialization but has not been marked @Optional or defined
in C:\Users\harun\eclipse-workspace\MyFramework_Exer_E2E\CrossBrowserTest.xml">
      <![CDATA[org.testng.TestNGException: 
Parameter 'browsers' is required by BeforeMethod on method initialization but has not been marked @Optional or defined
in C:\Users\harun\eclipse-workspace\MyFramework_Exer_E2E\CrossBrowserTest.xml
... Removed 25 stack frames]]>
    </failure>
  </testcase> <!-- @BeforeMethod initialization -->
  <testcase classname="com.testNGChallanges.CrossBrowserTesting" name="@AfterMethod getCloserowser" time="0.0">
    <skipped/>
  </testcase> <!-- @AfterMethod getCloserowser -->
  <testcase classname="com.testNGChallanges.CrossBrowserTesting" name="getLogin" time="0.0">
    <skipped/>
  </testcase> <!-- getLogin -->
</testsuite> <!-- FirFoxTesting -->
